  QueueVector.cpp
C:\Users\1\Documents\שנה ב לימודים\C++\chapter5\chapter5\QueueVector.h(44,3): error C3878: syntax error: unexpected token 'else' following 'expression'
C:\Users\1\Documents\שנה ב לימודים\C++\chapter5\chapter5\QueueVector.h(44,3): error C2760: syntax error: 'else' was unexpected here; expected ';'
C:\Users\1\Documents\שנה ב לימודים\C++\chapter5\chapter5\QueueVector.h(51,2): error C3878: syntax error: unexpected token 'catch' following 'try_block'
C:\Users\1\Documents\שנה ב לימודים\C++\chapter5\chapter5\QueueVector.h(51,2): message : error recovery skipped: 'catch'
C:\Users\1\Documents\שנה ב לימודים\C++\chapter5\chapter5\QueueVector.h(51,9): error C2760: syntax error: 'const' was unexpected here; expected 'expression'
C:\Users\1\Documents\שנה ב לימודים\C++\chapter5\chapter5\QueueVector.h(51,9): error C3878: syntax error: unexpected token 'const' following 'expression'
C:\Users\1\Documents\שנה ב לימודים\C++\chapter5\chapter5\QueueVector.h(51,9): message : error recovery skipped: 'const char *  . . . identifier'
C:\Users\1\Documents\שנה ב לימודים\C++\chapter5\chapter5\QueueVector.h(51,22): error C2760: syntax error: ')' was unexpected here; expected ';'
C:\Users\1\Documents\שנה ב לימודים\C++\chapter5\chapter5\QueueVector.h(51,22): error C3878: syntax error: unexpected token ')' following 'expression_statement'
C:\Users\1\Documents\שנה ב לימודים\C++\chapter5\chapter5\QueueVector.h(51,22): message : error recovery skipped: ')'
C:\Users\1\Documents\שנה ב לימודים\C++\chapter5\chapter5\QueueVector.h(53,11): error C2065: 'c': undeclared identifier
C:\Users\1\Documents\שנה ב לימודים\C++\chapter5\chapter5\QueueVector.h(63,3): error C3878: syntax error: unexpected token 'else' following 'expression'
C:\Users\1\Documents\שנה ב לימודים\C++\chapter5\chapter5\QueueVector.h(63,3): error C2760: syntax error: 'else' was unexpected here; expected ';'
C:\Users\1\Documents\שנה ב לימודים\C++\chapter5\chapter5\QueueVector.h(74,2): error C3878: syntax error: unexpected token 'catch' following 'try_block'
C:\Users\1\Documents\שנה ב לימודים\C++\chapter5\chapter5\QueueVector.h(74,2): message : error recovery skipped: 'catch'
C:\Users\1\Documents\שנה ב לימודים\C++\chapter5\chapter5\QueueVector.h(74,9): error C2760: syntax error: 'const' was unexpected here; expected 'expression'
C:\Users\1\Documents\שנה ב לימודים\C++\chapter5\chapter5\QueueVector.h(74,9): error C3878: syntax error: unexpected token 'const' following 'expression'
C:\Users\1\Documents\שנה ב לימודים\C++\chapter5\chapter5\QueueVector.h(74,9): message : error recovery skipped: 'const char *  . . . identifier'
C:\Users\1\Documents\שנה ב לימודים\C++\chapter5\chapter5\QueueVector.h(74,22): error C2760: syntax error: ')' was unexpected here; expected ';'
C:\Users\1\Documents\שנה ב לימודים\C++\chapter5\chapter5\QueueVector.h(74,22): error C3878: syntax error: unexpected token ')' following 'expression_statement'
C:\Users\1\Documents\שנה ב לימודים\C++\chapter5\chapter5\QueueVector.h(74,22): message : error recovery skipped: ')'
C:\Users\1\Documents\שנה ב לימודים\C++\chapter5\chapter5\QueueVector.h(76,11): error C2065: 'c': undeclared identifier
C:\Users\1\Documents\שנה ב לימודים\C++\chapter5\chapter5\QueueVector.h(86,3): error C3878: syntax error: unexpected token 'else' following 'expression'
C:\Users\1\Documents\שנה ב לימודים\C++\chapter5\chapter5\QueueVector.h(86,3): error C2760: syntax error: 'else' was unexpected here; expected ';'
C:\Users\1\Documents\שנה ב לימודים\C++\chapter5\chapter5\QueueVector.h(90,2): error C3878: syntax error: unexpected token 'catch' following 'try_block'
C:\Users\1\Documents\שנה ב לימודים\C++\chapter5\chapter5\QueueVector.h(90,2): message : error recovery skipped: 'catch'
C:\Users\1\Documents\שנה ב לימודים\C++\chapter5\chapter5\QueueVector.h(90,9): error C2760: syntax error: 'const' was unexpected here; expected 'expression'
C:\Users\1\Documents\שנה ב לימודים\C++\chapter5\chapter5\QueueVector.h(90,9): error C3878: syntax error: unexpected token 'const' following 'expression'
C:\Users\1\Documents\שנה ב לימודים\C++\chapter5\chapter5\QueueVector.h(90,9): message : error recovery skipped: 'const char *  . . . identifier'
C:\Users\1\Documents\שנה ב לימודים\C++\chapter5\chapter5\QueueVector.h(90,22): error C2760: syntax error: ')' was unexpected here; expected ';'
C:\Users\1\Documents\שנה ב לימודים\C++\chapter5\chapter5\QueueVector.h(90,22): error C3878: syntax error: unexpected token ')' following 'expression_statement'
C:\Users\1\Documents\שנה ב לימודים\C++\chapter5\chapter5\QueueVector.h(90,22): message : error recovery skipped: ')'
C:\Users\1\Documents\שנה ב לימודים\C++\chapter5\chapter5\QueueVector.h(92,11): error C2065: 'c': undeclared identifier
C:\Users\1\Documents\שנה ב לימודים\C++\chapter5\chapter5\QueueVector.h(102,19): error C2995: 'QueueVector<T>::QueueVector(const QueueVector<T> &)': function template has already been defined
C:\Users\1\Documents\שנה ב לימודים\C++\chapter5\chapter5\QueueVector.h(18,2): message : see declaration of 'QueueVector<T>::QueueVector'
C:\Users\1\Documents\שנה ב לימודים\C++\chapter5\chapter5\QueueVector.h(115,10): error C2760: syntax error: 'data' was unexpected here; expected ']'
C:\Users\1\Documents\שנה ב לימודים\C++\chapter5\chapter5\QueueVector.h(115,14): error C2760: syntax error: ']' was unexpected here; expected ';'
C:\Users\1\Documents\שנה ב לימודים\C++\chapter5\chapter5\QueueVector.h(115,14): error C3878: syntax error: unexpected token ']' following 'expression_statement'
C:\Users\1\Documents\שנה ב לימודים\C++\chapter5\chapter5\QueueVector.h(115,14): message : error recovery skipped: ']'
C:\Users\1\Documents\שנה ב לימודים\C++\chapter5\chapter5\QueueVector.h(113,21): error C2995: 'QueueVector<T>::~QueueVector(void)': function template has already been defined
C:\Users\1\Documents\שנה ב לימודים\C++\chapter5\chapter5\QueueVector.h(17,3): message : see declaration of 'QueueVector<T>::~QueueVector'
  SearchTree.cpp
C:\Users\1\Documents\שנה ב לימודים\C++\chapter5\chapter5\QueueVector.h(44,3): error C3878: syntax error: unexpected token 'else' following 'expression'
C:\Users\1\Documents\שנה ב לימודים\C++\chapter5\chapter5\QueueVector.h(44,3): error C2760: syntax error: 'else' was unexpected here; expected ';'
C:\Users\1\Documents\שנה ב לימודים\C++\chapter5\chapter5\QueueVector.h(51,2): error C3878: syntax error: unexpected token 'catch' following 'try_block'
C:\Users\1\Documents\שנה ב לימודים\C++\chapter5\chapter5\QueueVector.h(51,2): message : error recovery skipped: 'catch'
C:\Users\1\Documents\שנה ב לימודים\C++\chapter5\chapter5\QueueVector.h(51,9): error C2760: syntax error: 'const' was unexpected here; expected 'expression'
C:\Users\1\Documents\שנה ב לימודים\C++\chapter5\chapter5\QueueVector.h(51,9): error C3878: syntax error: unexpected token 'const' following 'expression'
C:\Users\1\Documents\שנה ב לימודים\C++\chapter5\chapter5\QueueVector.h(51,9): message : error recovery skipped: 'const char *  . . . identifier'
C:\Users\1\Documents\שנה ב לימודים\C++\chapter5\chapter5\QueueVector.h(51,22): error C2760: syntax error: ')' was unexpected here; expected ';'
C:\Users\1\Documents\שנה ב לימודים\C++\chapter5\chapter5\QueueVector.h(51,22): error C3878: syntax error: unexpected token ')' following 'expression_statement'
C:\Users\1\Documents\שנה ב לימודים\C++\chapter5\chapter5\QueueVector.h(51,22): message : error recovery skipped: ')'
C:\Users\1\Documents\שנה ב לימודים\C++\chapter5\chapter5\QueueVector.h(53,11): error C2065: 'c': undeclared identifier
C:\Users\1\Documents\שנה ב לימודים\C++\chapter5\chapter5\QueueVector.h(63,3): error C3878: syntax error: unexpected token 'else' following 'expression'
C:\Users\1\Documents\שנה ב לימודים\C++\chapter5\chapter5\QueueVector.h(63,3): error C2760: syntax error: 'else' was unexpected here; expected ';'
C:\Users\1\Documents\שנה ב לימודים\C++\chapter5\chapter5\QueueVector.h(74,2): error C3878: syntax error: unexpected token 'catch' following 'try_block'
C:\Users\1\Documents\שנה ב לימודים\C++\chapter5\chapter5\QueueVector.h(74,2): message : error recovery skipped: 'catch'
C:\Users\1\Documents\שנה ב לימודים\C++\chapter5\chapter5\QueueVector.h(74,9): error C2760: syntax error: 'const' was unexpected here; expected 'expression'
C:\Users\1\Documents\שנה ב לימודים\C++\chapter5\chapter5\QueueVector.h(74,9): error C3878: syntax error: unexpected token 'const' following 'expression'
C:\Users\1\Documents\שנה ב לימודים\C++\chapter5\chapter5\QueueVector.h(74,9): message : error recovery skipped: 'const char *  . . . identifier'
C:\Users\1\Documents\שנה ב לימודים\C++\chapter5\chapter5\QueueVector.h(74,22): error C2760: syntax error: ')' was unexpected here; expected ';'
C:\Users\1\Documents\שנה ב לימודים\C++\chapter5\chapter5\QueueVector.h(74,22): error C3878: syntax error: unexpected token ')' following 'expression_statement'
C:\Users\1\Documents\שנה ב לימודים\C++\chapter5\chapter5\QueueVector.h(74,22): message : error recovery skipped: ')'
C:\Users\1\Documents\שנה ב לימודים\C++\chapter5\chapter5\QueueVector.h(76,11): error C2065: 'c': undeclared identifier
C:\Users\1\Documents\שנה ב לימודים\C++\chapter5\chapter5\QueueVector.h(86,3): error C3878: syntax error: unexpected token 'else' following 'expression'
C:\Users\1\Documents\שנה ב לימודים\C++\chapter5\chapter5\QueueVector.h(86,3): error C2760: syntax error: 'else' was unexpected here; expected ';'
C:\Users\1\Documents\שנה ב לימודים\C++\chapter5\chapter5\QueueVector.h(90,2): error C3878: syntax error: unexpected token 'catch' following 'try_block'
C:\Users\1\Documents\שנה ב לימודים\C++\chapter5\chapter5\QueueVector.h(90,2): message : error recovery skipped: 'catch'
C:\Users\1\Documents\שנה ב לימודים\C++\chapter5\chapter5\QueueVector.h(90,9): error C2760: syntax error: 'const' was unexpected here; expected 'expression'
C:\Users\1\Documents\שנה ב לימודים\C++\chapter5\chapter5\QueueVector.h(90,9): error C3878: syntax error: unexpected token 'const' following 'expression'
C:\Users\1\Documents\שנה ב לימודים\C++\chapter5\chapter5\QueueVector.h(90,9): message : error recovery skipped: 'const char *  . . . identifier'
C:\Users\1\Documents\שנה ב לימודים\C++\chapter5\chapter5\QueueVector.h(90,22): error C2760: syntax error: ')' was unexpected here; expected ';'
C:\Users\1\Documents\שנה ב לימודים\C++\chapter5\chapter5\QueueVector.h(90,22): error C3878: syntax error: unexpected token ')' following 'expression_statement'
C:\Users\1\Documents\שנה ב לימודים\C++\chapter5\chapter5\QueueVector.h(90,22): message : error recovery skipped: ')'
C:\Users\1\Documents\שנה ב לימודים\C++\chapter5\chapter5\QueueVector.h(92,11): error C2065: 'c': undeclared identifier
C:\Users\1\Documents\שנה ב לימודים\C++\chapter5\chapter5\QueueVector.h(102,19): error C2995: 'QueueVector<T>::QueueVector(const QueueVector<T> &)': function template has already been defined
C:\Users\1\Documents\שנה ב לימודים\C++\chapter5\chapter5\QueueVector.h(18,2): message : see declaration of 'QueueVector<T>::QueueVector'
C:\Users\1\Documents\שנה ב לימודים\C++\chapter5\chapter5\QueueVector.h(115,10): error C2760: syntax error: 'data' was unexpected here; expected ']'
C:\Users\1\Documents\שנה ב לימודים\C++\chapter5\chapter5\QueueVector.h(115,14): error C2760: syntax error: ']' was unexpected here; expected ';'
C:\Users\1\Documents\שנה ב לימודים\C++\chapter5\chapter5\QueueVector.h(115,14): error C3878: syntax error: unexpected token ']' following 'expression_statement'
C:\Users\1\Documents\שנה ב לימודים\C++\chapter5\chapter5\QueueVector.h(115,14): message : error recovery skipped: ']'
C:\Users\1\Documents\שנה ב לימודים\C++\chapter5\chapter5\QueueVector.h(113,21): error C2995: 'QueueVector<T>::~QueueVector(void)': function template has already been defined
C:\Users\1\Documents\שנה ב לימודים\C++\chapter5\chapter5\QueueVector.h(17,3): message : see declaration of 'QueueVector<T>::~QueueVector'
C:\Users\1\Documents\שנה ב לימודים\C++\chapter5\chapter5\Tree.h(132,24): error C2059: syntax error: ')'
C:\Users\1\Documents\שנה ב לימודים\C++\chapter5\chapter5\Tree.h(132,24): error C2760: syntax error: '}' was unexpected here; expected 'declaration'
C:\Users\1\Documents\שנה ב לימודים\C++\chapter5\chapter5\Tree.h(138,2): error C3878: syntax error: unexpected token 'End of Token Stream' following 'compound_statement'
C:\Users\1\Documents\שנה ב לימודים\C++\chapter5\chapter5\Tree.h(138,2): error C3878: syntax error: unexpected token 'End of Token Stream' following 'statement'
C:\Users\1\Documents\שנה ב לימודים\C++\chapter5\chapter5\Tree.h(138,2): error C3878: syntax error: unexpected token 'End of Token Stream' following 'while_statement'
C:\Users\1\Documents\שנה ב לימודים\C++\chapter5\chapter5\Tree.h(138,2): error C3878: syntax error: unexpected token 'End of Token Stream' following 'statement_seq'
C:\Users\1\Documents\שנה ב לימודים\C++\chapter5\chapter5\Tree.h(138,2): message : missing one of:  '}' ?
C:\Users\1\Documents\שנה ב לימודים\C++\chapter5\chapter5\Tree.h(138,2): error C2760: syntax error: 'End of Token Stream' was unexpected here; expected '}'
C:\Users\1\Documents\שנה ב לימודים\C++\chapter5\chapter5\Tree.h(124,15): error C2995: 'void Tree<T>::breadthScan(void)': function template has already been defined
C:\Users\1\Documents\שנה ב לימודים\C++\chapter5\chapter5\Tree.h(41,7): message : see declaration of 'Tree<T>::breadthScan'
C:\Users\1\Documents\שנה ב לימודים\C++\chapter5\chapter5\Tree.h(139,1): error C2059: syntax error: '}'
C:\Users\1\Documents\שנה ב לימודים\C++\chapter5\chapter5\Tree.h(139,1): error C2143: syntax error: missing ';' before '}'
  Tree.cpp
C:\Users\1\Documents\שנה ב לימודים\C++\chapter5\chapter5\QueueVector.h(44,3): error C3878: syntax error: unexpected token 'else' following 'expression'
C:\Users\1\Documents\שנה ב לימודים\C++\chapter5\chapter5\QueueVector.h(44,3): error C2760: syntax error: 'else' was unexpected here; expected ';'
C:\Users\1\Documents\שנה ב לימודים\C++\chapter5\chapter5\QueueVector.h(51,2): error C3878: syntax error: unexpected token 'catch' following 'try_block'
C:\Users\1\Documents\שנה ב לימודים\C++\chapter5\chapter5\QueueVector.h(51,2): message : error recovery skipped: 'catch'
C:\Users\1\Documents\שנה ב לימודים\C++\chapter5\chapter5\QueueVector.h(51,9): error C2760: syntax error: 'const' was unexpected here; expected 'expression'
C:\Users\1\Documents\שנה ב לימודים\C++\chapter5\chapter5\QueueVector.h(51,9): error C3878: syntax error: unexpected token 'const' following 'expression'
C:\Users\1\Documents\שנה ב לימודים\C++\chapter5\chapter5\QueueVector.h(51,9): message : error recovery skipped: 'const char *  . . . identifier'
C:\Users\1\Documents\שנה ב לימודים\C++\chapter5\chapter5\QueueVector.h(51,22): error C2760: syntax error: ')' was unexpected here; expected ';'
C:\Users\1\Documents\שנה ב לימודים\C++\chapter5\chapter5\QueueVector.h(51,22): error C3878: syntax error: unexpected token ')' following 'expression_statement'
C:\Users\1\Documents\שנה ב לימודים\C++\chapter5\chapter5\QueueVector.h(51,22): message : error recovery skipped: ')'
C:\Users\1\Documents\שנה ב לימודים\C++\chapter5\chapter5\QueueVector.h(53,11): error C2065: 'c': undeclared identifier
C:\Users\1\Documents\שנה ב לימודים\C++\chapter5\chapter5\QueueVector.h(63,3): error C3878: syntax error: unexpected token 'else' following 'expression'
C:\Users\1\Documents\שנה ב לימודים\C++\chapter5\chapter5\QueueVector.h(63,3): error C2760: syntax error: 'else' was unexpected here; expected ';'
C:\Users\1\Documents\שנה ב לימודים\C++\chapter5\chapter5\QueueVector.h(74,2): error C3878: syntax error: unexpected token 'catch' following 'try_block'
C:\Users\1\Documents\שנה ב לימודים\C++\chapter5\chapter5\QueueVector.h(74,2): message : error recovery skipped: 'catch'
C:\Users\1\Documents\שנה ב לימודים\C++\chapter5\chapter5\QueueVector.h(74,9): error C2760: syntax error: 'const' was unexpected here; expected 'expression'
C:\Users\1\Documents\שנה ב לימודים\C++\chapter5\chapter5\QueueVector.h(74,9): error C3878: syntax error: unexpected token 'const' following 'expression'
C:\Users\1\Documents\שנה ב לימודים\C++\chapter5\chapter5\QueueVector.h(74,9): message : error recovery skipped: 'const char *  . . . identifier'
C:\Users\1\Documents\שנה ב לימודים\C++\chapter5\chapter5\QueueVector.h(74,22): error C2760: syntax error: ')' was unexpected here; expected ';'
C:\Users\1\Documents\שנה ב לימודים\C++\chapter5\chapter5\QueueVector.h(74,22): error C3878: syntax error: unexpected token ')' following 'expression_statement'
C:\Users\1\Documents\שנה ב לימודים\C++\chapter5\chapter5\QueueVector.h(74,22): message : error recovery skipped: ')'
C:\Users\1\Documents\שנה ב לימודים\C++\chapter5\chapter5\QueueVector.h(76,11): error C2065: 'c': undeclared identifier
C:\Users\1\Documents\שנה ב לימודים\C++\chapter5\chapter5\QueueVector.h(86,3): error C3878: syntax error: unexpected token 'else' following 'expression'
C:\Users\1\Documents\שנה ב לימודים\C++\chapter5\chapter5\QueueVector.h(86,3): error C2760: syntax error: 'else' was unexpected here; expected ';'
C:\Users\1\Documents\שנה ב לימודים\C++\chapter5\chapter5\QueueVector.h(90,2): error C3878: syntax error: unexpected token 'catch' following 'try_block'
C:\Users\1\Documents\שנה ב לימודים\C++\chapter5\chapter5\QueueVector.h(90,2): message : error recovery skipped: 'catch'
C:\Users\1\Documents\שנה ב לימודים\C++\chapter5\chapter5\QueueVector.h(90,9): error C2760: syntax error: 'const' was unexpected here; expected 'expression'
C:\Users\1\Documents\שנה ב לימודים\C++\chapter5\chapter5\QueueVector.h(90,9): error C3878: syntax error: unexpected token 'const' following 'expression'
C:\Users\1\Documents\שנה ב לימודים\C++\chapter5\chapter5\QueueVector.h(90,9): message : error recovery skipped: 'const char *  . . . identifier'
C:\Users\1\Documents\שנה ב לימודים\C++\chapter5\chapter5\QueueVector.h(90,22): error C2760: syntax error: ')' was unexpected here; expected ';'
C:\Users\1\Documents\שנה ב לימודים\C++\chapter5\chapter5\QueueVector.h(90,22): error C3878: syntax error: unexpected token ')' following 'expression_statement'
C:\Users\1\Documents\שנה ב לימודים\C++\chapter5\chapter5\QueueVector.h(90,22): message : error recovery skipped: ')'
C:\Users\1\Documents\שנה ב לימודים\C++\chapter5\chapter5\QueueVector.h(92,11): error C2065: 'c': undeclared identifier
C:\Users\1\Documents\שנה ב לימודים\C++\chapter5\chapter5\QueueVector.h(102,19): error C2995: 'QueueVector<T>::QueueVector(const QueueVector<T> &)': function template has already been defined
C:\Users\1\Documents\שנה ב לימודים\C++\chapter5\chapter5\QueueVector.h(18,2): message : see declaration of 'QueueVector<T>::QueueVector'
C:\Users\1\Documents\שנה ב לימודים\C++\chapter5\chapter5\QueueVector.h(115,10): error C2760: syntax error: 'data' was unexpected here; expected ']'
C:\Users\1\Documents\שנה ב לימודים\C++\chapter5\chapter5\QueueVector.h(115,14): error C2760: syntax error: ']' was unexpected here; expected ';'
C:\Users\1\Documents\שנה ב לימודים\C++\chapter5\chapter5\QueueVector.h(115,14): error C3878: syntax error: unexpected token ']' following 'expression_statement'
C:\Users\1\Documents\שנה ב לימודים\C++\chapter5\chapter5\QueueVector.h(115,14): message : error recovery skipped: ']'
C:\Users\1\Documents\שנה ב לימודים\C++\chapter5\chapter5\QueueVector.h(113,21): error C2995: 'QueueVector<T>::~QueueVector(void)': function template has already been defined
C:\Users\1\Documents\שנה ב לימודים\C++\chapter5\chapter5\QueueVector.h(17,3): message : see declaration of 'QueueVector<T>::~QueueVector'
C:\Users\1\Documents\שנה ב לימודים\C++\chapter5\chapter5\Tree.h(132,24): error C2059: syntax error: ')'
C:\Users\1\Documents\שנה ב לימודים\C++\chapter5\chapter5\Tree.h(132,24): error C2760: syntax error: '}' was unexpected here; expected 'declaration'
C:\Users\1\Documents\שנה ב לימודים\C++\chapter5\chapter5\Tree.h(138,2): error C3878: syntax error: unexpected token 'End of Token Stream' following 'compound_statement'
C:\Users\1\Documents\שנה ב לימודים\C++\chapter5\chapter5\Tree.h(138,2): error C3878: syntax error: unexpected token 'End of Token Stream' following 'statement'
C:\Users\1\Documents\שנה ב לימודים\C++\chapter5\chapter5\Tree.h(138,2): error C3878: syntax error: unexpected token 'End of Token Stream' following 'while_statement'
C:\Users\1\Documents\שנה ב לימודים\C++\chapter5\chapter5\Tree.h(138,2): error C3878: syntax error: unexpected token 'End of Token Stream' following 'statement_seq'
C:\Users\1\Documents\שנה ב לימודים\C++\chapter5\chapter5\Tree.h(138,2): message : missing one of:  '}' ?
C:\Users\1\Documents\שנה ב לימודים\C++\chapter5\chapter5\Tree.h(138,2): error C2760: syntax error: 'End of Token Stream' was unexpected here; expected '}'
C:\Users\1\Documents\שנה ב לימודים\C++\chapter5\chapter5\Tree.h(124,15): error C2995: 'void Tree<T>::breadthScan(void)': function template has already been defined
C:\Users\1\Documents\שנה ב לימודים\C++\chapter5\chapter5\Tree.h(41,7): message : see declaration of 'Tree<T>::breadthScan'
C:\Users\1\Documents\שנה ב לימודים\C++\chapter5\chapter5\Tree.h(139,1): error C2059: syntax error: '}'
C:\Users\1\Documents\שנה ב לימודים\C++\chapter5\chapter5\Tree.h(139,1): error C2143: syntax error: missing ';' before '}'
  Generating Code...
